#
# A fatal error has been detected by the Java Runtime Environment:
#
#  EXCEPTION_ACCESS_VIOLATION (0xc0000005) at pc=0x00007ffad35a1ed4, pid=7624, tid=6268
#
# JRE version: Java(TM) SE Runtime Environment (7.0_65-b19) (build 1.7.0_65-b19)
# Java VM: Java HotSpot(TM) 64-Bit Server VM (24.65-b04 mixed mode windows-amd64 compressed oops)
# Problematic frame:
# C  [OPENGL32.dll+0xe1ed4]
#
# Failed to write core dump. Minidumps are not enabled by default on client versions of Windows
#
# If you would like to submit a bug report, please visit:
#   http://bugreport.sun.com/bugreport/crash.jsp
#

---------------  T H R E A D  ---------------

Current thread (0x0000000008ac3800):  VMThread [stack: 0x0000000009b90000,0x0000000009c90000] [id=6268]

siginfo: ExceptionCode=0xc0000005, reading address 0x0000000000000a38

Registers:
RAX=0x0000000000000000, RBX=0x0000000052742dd0, RCX=0x0000000000000001, RDX=0x0000000052742dd8
RSP=0x0000000009c8f028, RBP=0x0000000000000000, RSI=0x0000000052744be0, RDI=0x0000000052744be0
R8 =0x0000000009c8f0a8, R9 =0x00000000089f5400, R10=0x0000000000000042, R11=0x0000000009c8ec70
R12=0x0000000000000000, R13=0x00000000526378d0, R14=0x0000000052637780, R15=0x0000000000000000
RIP=0x00007ffad35a1ed4, EFLAGS=0x0000000000010287

Top of Stack: (sp=0x0000000009c8f028)
0x0000000009c8f028:   00007ffab3e41a7b 0000000000000001
0x0000000009c8f038:   0000000052742dd8 0000000009c8f0a8
0x0000000009c8f048:   00000000089f5400 0000000000000000
0x0000000009c8f058:   00007ffab3e47547 0000000052630000
0x0000000009c8f068:   0000000052630000 0000000000000000
0x0000000009c8f078:   0000000000000000 fffffffffffffffe
0x0000000009c8f088:   0000000009c8f0f0 0000000000000000
0x0000000009c8f098:   00007ffab3e47c19 0000000052744be0
0x0000000009c8f0a8:   000000005263de00 00007ffab3f303c0
0x0000000009c8f0b8:   00007ffab3ec4158 fffffffffffffffe
0x0000000009c8f0c8:   0000000052637780 0000000000000001
0x0000000009c8f0d8:   00000000526378a8 0000000052637780
0x0000000009c8f0e8:   00007ffab3ecc20d 00007ffab40044d0
0x0000000009c8f0f8:   00007ffab3f303b0 00000000089f5400
0x0000000009c8f108:   0000000008ac40f0 00000000526378a8
0x0000000009c8f118:   0000000052637780 0000000052637780 

Instructions: (pc=0x00007ffad35a1ed4)
0x00007ffad35a1eb4:   cc cc cc cc cc cc 66 0f 1f 44 00 00 8b 05 42 71
0x00007ffad35a1ec4:   01 00 83 f8 40 73 0f 65 48 8b 04 c5 80 14 00 00
0x00007ffad35a1ed4:   ff a0 38 0a 00 00 b8 47 01 00 00 e9 ec d4 ff ff
0x00007ffad35a1ee4:   cc cc cc cc cc cc 66 0f 1f 44 00 00 8b 05 12 71 


Register to memory mapping:

RAX=0x0000000000000000 is an unknown value
RBX=0x0000000052742dd0 is an unknown value
RCX=0x0000000000000001 is an unknown value
RDX=0x0000000052742dd8 is an unknown value
RSP=0x0000000009c8f028 is an unknown value
RBP=0x0000000000000000 is an unknown value
RSI=0x0000000052744be0 is an unknown value
RDI=0x0000000052744be0 is an unknown value
R8 =0x0000000009c8f0a8 is an unknown value
R9 =0x00000000089f5400 is an unknown value
R10=0x0000000000000042 is an unknown value
R11=0x0000000009c8ec70 is an unknown value
R12=0x0000000000000000 is an unknown value
R13=0x00000000526378d0 is an unknown value
R14=0x0000000052637780 is an unknown value
R15=0x0000000000000000 is an unknown value


Stack: [0x0000000009b90000,0x0000000009c90000],  sp=0x0000000009c8f028,  free space=1020k
Native frames: (J=compiled Java code, j=interpreted, Vv=VM code, C=native code)
C  [OPENGL32.dll+0xe1ed4]

[error occurred during error reporting (printing native stack), id 0xc0000005]

VM_Operation (0x000000000b8fef50): Exit, mode: safepoint, requested by thread 0x000000000a607800


---------------  P R O C E S S  ---------------

Java Threads: ( => current thread )
  0x000000000a7a1800 JavaThread "LWJGL Timer" daemon [_thread_blocked, id=7052, stack(0x0000000051d90000,0x0000000051e90000)]
  0x0000000002bf2800 JavaThread "DestroyJavaVM" [_thread_blocked, id=5272, stack(0x0000000002ab0000,0x0000000002bb0000)]
  0x000000000a607800 JavaThread "LWJGL Application" [_thread_blocked, id=5908, stack(0x000000000b800000,0x000000000b900000)]
  0x000000000a516800 JavaThread "Monitor Ctrl-Break" daemon [_thread_in_native, id=11016, stack(0x000000000a8a0000,0x000000000a9a0000)]
  0x0000000008b1a000 JavaThread "Service Thread" daemon [_thread_blocked, id=10352, stack(0x000000000a290000,0x000000000a390000)]
  0x0000000008b0b000 JavaThread "C2 CompilerThread1" daemon [_thread_blocked, id=8308, stack(0x000000000a190000,0x000000000a290000)]
  0x0000000008b06000 JavaThread "C2 CompilerThread0" daemon [_thread_blocked, id=6560, stack(0x000000000a090000,0x000000000a190000)]
  0x0000000008b05000 JavaThread "Attach Listener" daemon [_thread_blocked, id=7696, stack(0x0000000009f90000,0x000000000a090000)]
  0x0000000008b01800 JavaThread "Signal Dispatcher" daemon [_thread_blocked, id=10156, stack(0x0000000009e90000,0x0000000009f90000)]
  0x0000000008ad0800 JavaThread "Finalizer" daemon [_thread_blocked, id=5348, stack(0x0000000009d90000,0x0000000009e90000)]
  0x0000000008ac7800 JavaThread "Reference Handler" daemon [_thread_blocked, id=7364, stack(0x0000000009c90000,0x0000000009d90000)]

Other Threads:
=>0x0000000008ac3800 VMThread [stack: 0x0000000009b90000,0x0000000009c90000] [id=6268]

VM state:at safepoint (shutting down)

VM Mutex/Monitor currently owned by a thread:  ([mutex/lock_event])
[0x0000000002bee110] Threads_lock - owner thread: 0x0000000008ac3800

Heap
 PSYoungGen      total 18944K, used 14188K [0x00000000eb100000, 0x00000000ec600000, 0x0000000100000000)
  eden space 16384K, 86% used [0x00000000eb100000,0x00000000ebedb088,0x00000000ec100000)
  from space 2560K, 0% used [0x00000000ec380000,0x00000000ec380000,0x00000000ec600000)
  to   space 2560K, 0% used [0x00000000ec100000,0x00000000ec100000,0x00000000ec380000)
 ParOldGen       total 42496K, used 0K [0x00000000c1400000, 0x00000000c3d80000, 0x00000000eb100000)
  object space 42496K, 0% used [0x00000000c1400000,0x00000000c1400000,0x00000000c3d80000)
 PSPermGen       total 21504K, used 7055K [0x00000000bc200000, 0x00000000bd700000, 0x00000000c1400000)
  object space 21504K, 32% used [0x00000000bc200000,0x00000000bc8e3c98,0x00000000bd700000)

Card table byte_map: [0x0000000005db0000,0x0000000005fd0000] byte_map_base: 0x00000000057cf000

Polling page: 0x0000000002bb0000

Code Cache  [0x0000000002cf0000, 0x0000000002f60000, 0x0000000005cf0000)
 total_blobs=476 nmethods=67 adapters=362 free_code_cache=48523Kb largest_free_block=49663104

Compilation events (10 events):
Event: 11.377 Thread 0x0000000008b0b000   62             org.lwjgl.opengl.Sync::getTime (12 bytes)
Event: 11.377 Thread 0x0000000008b06000   63             org.lwjgl.Sys::getTime (13 bytes)
Event: 11.379 Thread 0x0000000008b06000 nmethod 63 0x0000000002d86290 code [0x0000000002d863e0, 0x0000000002d86448]
Event: 11.379 Thread 0x0000000008b06000   64             org.lwjgl.WindowsSysImplementation::getTime (4 bytes)
Event: 11.379 Thread 0x0000000008b0b000 nmethod 62 0x0000000002d83d50 code [0x0000000002d83ea0, 0x0000000002d83f28]
Event: 11.380 Thread 0x0000000008b06000 nmethod 64 0x0000000002d83b10 code [0x0000000002d83c60, 0x0000000002d83cc8]
Event: 11.384 Thread 0x0000000008b0b000   66             org.lwjgl.Sys::getTimerResolution (9 bytes)
Event: 11.384 Thread 0x0000000008b06000   67             org.lwjgl.WindowsSysImplementation::getTimerResolution (4 bytes)
Event: 11.384 Thread 0x0000000008b06000 nmethod 67 0x0000000002d83550 code [0x0000000002d83680, 0x0000000002d836d8]
Event: 11.384 Thread 0x0000000008b0b000 nmethod 66 0x0000000002d4e210 code [0x0000000002d4e340, 0x0000000002d4e378]

GC Heap History (0 events):
No events

Deoptimization events (0 events):
No events

Internal exceptions (10 events):
Event: 2.720 Thread 0x000000000a607800 Threw 0x00000000ebe546c0 at C:\re\jdk7u65\1313\hotspot\src\share\vm\prims\jvm.cpp:1244
Event: 2.722 Thread 0x000000000a607800 Threw 0x00000000ebe61660 at C:\re\jdk7u65\1313\hotspot\src\share\vm\prims\jvm.cpp:1244
Event: 2.723 Thread 0x000000000a607800 Threw 0x00000000ebe68cc8 at C:\re\jdk7u65\1313\hotspot\src\share\vm\prims\jvm.cpp:1244
Event: 2.724 Thread 0x000000000a607800 Threw 0x00000000ebe6c988 at C:\re\jdk7u65\1313\hotspot\src\share\vm\prims\jvm.cpp:1244
Event: 2.741 Thread 0x000000000a607800 Threw 0x00000000ebe70658 at C:\re\jdk7u65\1313\hotspot\src\share\vm\prims\jvm.cpp:1244
Event: 2.742 Thread 0x000000000a607800 Threw 0x00000000ebe73bf0 at C:\re\jdk7u65\1313\hotspot\src\share\vm\prims\jvm.cpp:1244
Event: 5.970 Thread 0x000000000a607800 Threw 0x00000000ebe8dc98 at C:\re\jdk7u65\1313\hotspot\src\share\vm\prims\jvm.cpp:1244
Event: 13.040 Thread 0x000000000a607800 Threw 0x00000000ebe93e80 at C:\re\jdk7u65\1313\hotspot\src\share\vm\prims\jvm.cpp:1244
Event: 13.041 Thread 0x000000000a607800 Threw 0x00000000ebe995b8 at C:\re\jdk7u65\1313\hotspot\src\share\vm\prims\jvm.cpp:1244
Event: 13.046 Thread 0x000000000a607800 Threw 0x00000000ebea0bc8 at C:\re\jdk7u65\1313\hotspot\src\share\vm\prims\jvm.cpp:1244

Events (10 events):
Event: 13.046 loading class 0x000000000a74d830 done
Event: 13.082 loading class 0x0000000002c695c0
Event: 13.082 loading class 0x0000000002c695c0 done
Event: 13.083 loading class 0x0000000008a046e0
Event: 13.083 loading class 0x0000000008a046e0 done
Event: 13.083 loading class 0x0000000008a046b0
Event: 13.083 loading class 0x0000000008a04670
Event: 13.083 loading class 0x0000000008a04670 done
Event: 13.083 loading class 0x0000000008a046b0 done
Event: 13.083 Executing VM operation: Exit


Dynamic libraries:
0x00007ff72bba0000 - 0x00007ff72bbd3000 	C:\Program Files\Java\jdk1.7.0_65\bin\java.exe
0x00007ffae5620000 - 0x00007ffae57e1000 	C:\WINDOWS\SYSTEM32\ntdll.dll
0x00007ffae3aa0000 - 0x00007ffae3b4d000 	C:\WINDOWS\system32\KERNEL32.DLL
0x00007ffae2b10000 - 0x00007ffae2ced000 	C:\WINDOWS\system32\KERNELBASE.dll
0x00007ffae5450000 - 0x00007ffae54f6000 	C:\WINDOWS\system32\ADVAPI32.dll
0x00007ffae3860000 - 0x00007ffae38fd000 	C:\WINDOWS\system32\msvcrt.dll
0x00007ffae3250000 - 0x00007ffae32ab000 	C:\WINDOWS\system32\sechost.dll
0x00007ffae3d40000 - 0x00007ffae3e66000 	C:\WINDOWS\system32\RPCRT4.dll
0x00007ffae32b0000 - 0x00007ffae33fe000 	C:\WINDOWS\system32\USER32.dll
0x00007ffae3910000 - 0x00007ffae3a96000 	C:\WINDOWS\system32\GDI32.dll
0x00007ffad2600000 - 0x00007ffad2874000 	C:\WINDOWS\WinSxS\amd64_microsoft.windows.common-controls_6595b64144ccf1df_6.0.10240.16384_none_f41f7b285750ef43\COMCTL32.dll
0x00007ffae5410000 - 0x00007ffae5446000 	C:\WINDOWS\system32\IMM32.DLL
0x00007ffae3b60000 - 0x00007ffae3cbc000 	C:\WINDOWS\system32\MSCTF.dll
0x0000000065920000 - 0x00000000659f2000 	C:\Program Files\Java\jdk1.7.0_65\jre\bin\msvcr100.dll
0x0000000065eb0000 - 0x0000000066682000 	C:\Program Files\Java\jdk1.7.0_65\jre\bin\server\jvm.dll
0x00007ffae3900000 - 0x00007ffae3908000 	C:\WINDOWS\system32\PSAPI.DLL
0x00007ffae0750000 - 0x00007ffae0773000 	C:\WINDOWS\SYSTEM32\WINMM.dll
0x00007ffadc4c0000 - 0x00007ffadc4c9000 	C:\WINDOWS\SYSTEM32\WSOCK32.dll
0x00007ffae36a0000 - 0x00007ffae3709000 	C:\WINDOWS\system32\WS2_32.dll
0x00007ffae3400000 - 0x00007ffae3408000 	C:\WINDOWS\system32\NSI.dll
0x00007ffae06f0000 - 0x00007ffae071c000 	C:\WINDOWS\SYSTEM32\WINMMBASE.dll
0x00007ffae20f0000 - 0x00007ffae2134000 	C:\WINDOWS\system32\cfgmgr32.dll
0x00007ffae09c0000 - 0x00007ffae09e7000 	C:\WINDOWS\SYSTEM32\DEVOBJ.dll
0x0000000065dc0000 - 0x0000000065dcf000 	C:\Program Files\Java\jdk1.7.0_65\jre\bin\verify.dll
0x0000000065d90000 - 0x0000000065db8000 	C:\Program Files\Java\jdk1.7.0_65\jre\bin\java.dll
0x0000000065d70000 - 0x0000000065d85000 	C:\Program Files\Java\jdk1.7.0_65\jre\bin\zip.dll
0x00007ffad9d90000 - 0x00007ffad9d9f000 	C:\Users\Norman\AppData\Local\Android\android-studio\bin\breakgen64.dll
0x0000000065d50000 - 0x0000000065d69000 	C:\Program Files\Java\jdk1.7.0_65\jre\bin\net.dll
0x00007ffae1860000 - 0x00007ffae18bd000 	C:\WINDOWS\system32\mswsock.dll
0x0000000065580000 - 0x0000000065616000 	C:\Users\Norman\AppData\Local\Temp\libgdxNorman\463f4817\gdx64.dll
0x00007ffae18c0000 - 0x00007ffae18d7000 	C:\WINDOWS\SYSTEM32\CRYPTSP.dll
0x00007ffae1b90000 - 0x00007ffae1bb8000 	C:\WINDOWS\SYSTEM32\bcrypt.dll
0x00007ffae1510000 - 0x00007ffae1543000 	C:\WINDOWS\system32\rsaenh.dll
0x00007ffae16b0000 - 0x00007ffae16cf000 	C:\WINDOWS\SYSTEM32\USERENV.dll
0x00007ffae20a0000 - 0x00007ffae20b3000 	C:\WINDOWS\system32\profapi.dll
0x00007ffae1ea0000 - 0x00007ffae1f0b000 	C:\WINDOWS\system32\bcryptprimitives.dll
0x00007ffae1b80000 - 0x00007ffae1b8b000 	C:\WINDOWS\SYSTEM32\CRYPTBASE.dll
0x00007ffadeff0000 - 0x00007ffadf028000 	C:\WINDOWS\SYSTEM32\IPHLPAPI.DLL
0x00007ffadefd0000 - 0x00007ffadefdb000 	C:\WINDOWS\SYSTEM32\WINNSI.DLL
0x00007ffadcc40000 - 0x00007ffadcc56000 	C:\WINDOWS\SYSTEM32\dhcpcsvc6.DLL
0x00007ffadcc20000 - 0x00007ffadcc3a000 	C:\WINDOWS\SYSTEM32\dhcpcsvc.DLL
0x0000000065d30000 - 0x0000000065d41000 	C:\Program Files\Java\jdk1.7.0_65\jre\bin\nio.dll
0x0000000180000000 - 0x0000000180053000 	C:\Users\Norman\AppData\Local\Temp\libgdxNorman\dc0f0009\lwjgl64.dll
0x00007ffad34c0000 - 0x00007ffad35e8000 	C:\WINDOWS\SYSTEM32\OPENGL32.dll
0x00007ffad8520000 - 0x00007ffad852a000 	C:\WINDOWS\SYSTEM32\VERSION.dll
0x00007ffad9400000 - 0x00007ffad942e000 	C:\WINDOWS\SYSTEM32\GLU32.dll
0x00007ffad67c0000 - 0x00007ffad68b6000 	C:\WINDOWS\SYSTEM32\DDRAW.dll
0x00007ffadaf10000 - 0x00007ffadaf18000 	C:\WINDOWS\SYSTEM32\DCIMAN32.dll
0x000000000a9c0000 - 0x000000000aa24000 	C:\Users\Norman\AppData\Local\Temp\libgdxNorman\dc0f0009\OpenAL64.dll
0x00007ffae3e70000 - 0x00007ffae5392000 	C:\WINDOWS\system32\SHELL32.dll
0x00007ffae22b0000 - 0x00007ffae28d9000 	C:\WINDOWS\system32\windows.storage.dll
0x00007ffae2fd0000 - 0x00007ffae324c000 	C:\WINDOWS\system32\combase.dll
0x00007ffae3ce0000 - 0x00007ffae3d31000 	C:\WINDOWS\system32\shlwapi.dll
0x00007ffae20e0000 - 0x00007ffae20ef000 	C:\WINDOWS\system32\kernel.appcore.dll
0x00007ffae21f0000 - 0x00007ffae22a3000 	C:\WINDOWS\system32\shcore.dll
0x00007ffae2050000 - 0x00007ffae209a000 	C:\WINDOWS\system32\powrprof.dll
0x00007ffae3710000 - 0x00007ffae3851000 	C:\WINDOWS\system32\ole32.dll
0x00007ffae0920000 - 0x00007ffae09b6000 	C:\WINDOWS\system32\uxtheme.dll
0x00007ffabe070000 - 0x00007ffabe098000 	C:\Program Files (x86)\Raptr\ltc_help64-103398.dll
0x00007ffae2ab0000 - 0x00007ffae2b04000 	C:\WINDOWS\system32\WINTRUST.dll
0x00007ffae20c0000 - 0x00007ffae20d1000 	C:\WINDOWS\system32\MSASN1.dll
0x00007ffae28e0000 - 0x00007ffae2aa1000 	C:\WINDOWS\system32\CRYPT32.dll
0x00007ffae2ec0000 - 0x00007ffae2f65000 	C:\WINDOWS\system32\clbcatq.dll
0x00007ffadfd50000 - 0x00007ffadfed3000 	C:\WINDOWS\System32\PROPSYS.dll
0x00007ffae5500000 - 0x00007ffae55be000 	C:\WINDOWS\system32\OLEAUT32.dll
0x00007ffacb0e0000 - 0x00007ffacb17c000 	C:\WINDOWS\SYSTEM32\dsound.dll
0x00007ffaded30000 - 0x00007ffadeda2000 	C:\WINDOWS\System32\MMDevApi.dll
0x00007ffad79a0000 - 0x00007ffad7a25000 	C:\WINDOWS\SYSTEM32\AUDIOSES.DLL
0x00007ffadf420000 - 0x00007ffadf551000 	C:\WINDOWS\SYSTEM32\wintypes.dll
0x00007ffadfb50000 - 0x00007ffadfb72000 	C:\WINDOWS\system32\dwmapi.dll
0x00007ffab0970000 - 0x00007ffab1463000 	C:\WINDOWS\SYSTEM32\ig75icd64.dll
0x00007ffae0010000 - 0x00007ffae0023000 	C:\WINDOWS\SYSTEM32\WTSAPI32.dll
0x00007ffadce50000 - 0x00007ffadd852000 	C:\WINDOWS\SYSTEM32\igdusc64.dll
0x00007ffaba990000 - 0x00007ffabaa21000 	C:\WINDOWS\SYSTEM32\mscms.dll
0x00007ffab9be0000 - 0x00007ffab9c22000 	C:\WINDOWS\SYSTEM32\icm32.dll
0x00007ffae3cc0000 - 0x00007ffae3cdc000 	C:\WINDOWS\system32\imagehlp.dll
0x00007ffae0f70000 - 0x00007ffae0f93000 	C:\WINDOWS\SYSTEM32\gpapi.dll
0x00007ffad2e10000 - 0x00007ffad2e3f000 	C:\Windows\System32\cryptnet.dll
0x00007ffae2f70000 - 0x00007ffae2fcb000 	C:\WINDOWS\system32\WLDAP32.dll
0x00007ffab3de0000 - 0x00007ffab4026000 	C:\PROGRA~2\Raptr\ltc_game64-103398.dll
0x00007ffad1730000 - 0x00007ffad18ba000 	C:\WINDOWS\SYSTEM32\dbghelp.dll

VM Arguments:
jvm_args: -Didea.launcher.port=7557 -Didea.launcher.bin.path=C:\Users\Norman\AppData\Local\Android\android-studio\bin -Dfile.encoding=UTF-8 
java_command: com.intellij.rt.execution.application.AppMain com.norman.game.desktop.DesktopLauncher
Launcher Type: SUN_STANDARD

Environment Variables:
JAVA_HOME=C:\Program Files\Java\jdk1.7.0_65
PATH=C:\ProgramData\Oracle\Java\javapath;C:\Program Files (x86)\NVIDIA Corporation\PhysX\Common;C:\Users\Norman\AppData\Roaming\Composer\vendor\bin;C:\xampp\php\php.exe;C:\HashiCorp\Vagrant\bin;C:\Program Files\Java\jdk1.7.0_65\bin\javaw.exe;C:\WINDOWS\system32;C:\WINDOWS;C:\WINDOWS\System32\Wbem;C:\WINDOWS\System32\WindowsPowerShell\v1.0\;C:\Program Files (x86)\ATI Technologies\ATI.ACE\Core-Static;C:\Program Files (x86)\AMD\ATI.ACE\Core-Static;C:\Program Files (x86)\Skype\Phone\;C:\Users\Norman\AppData\Roaming\Composer\vendor\bin;C:\xampp\php;C:\Program Files\Java\jdk1.7.0_65\bin\javaw.exe
USERNAME=Norman
OS=Windows_NT
PROCESSOR_IDENTIFIER=Intel64 Family 6 Model 60 Stepping 3, GenuineIntel



---------------  S Y S T E M  ---------------

OS: Windows 8.1 , 64 bit Build 9600 

CPU:total 4 (2 cores per cpu, 2 threads per core) family 6 model 60 stepping 3, cmov, cx8, fxsr, mmx, sse, sse2, sse3, ssse3, sse4.1, sse4.2, popcnt, avx, avx2, aes, erms, ht, tsc, tscinvbit

Memory: 4k page, physical 4104472k(602444k free), swap 9659240k(2016752k free)

vm_info: Java HotSpot(TM) 64-Bit Server VM (24.65-b04) for windows-amd64 JRE (1.7.0_65-b19), built on Jul  9 2014 17:47:07 by "java_re" with unknown MS VC++:1600

time: Sun Nov 15 18:46:01 2015
elapsed time: 13 seconds

